<?xml version="1.0" encoding="UTF-8"?>
<!-- Generated by org.testng.reporters.JUnitReportReporter -->
<testsuite hostname="LAPTOP-AL3H5S4M" failures="0" tests="1" name="automationTests.Get_Specific_Booking_Id" time="3.186" errors="0" timestamp="2024-11-25T11:41:41 IST" skipped="0">
  <testcase classname="automationTests.Get_Specific_Booking_Id" name="updateBooking" time="3.186"/>
  <system-out/>
</testsuite> <!-- automationTests.Get_Specific_Booking_Id -->
