<?xml version="1.0" encoding="UTF-8"?>
<!-- Generated by org.testng.reporters.JUnitReportReporter -->
<testsuite hostname="LAPTOP-AL3H5S4M" failures="0" tests="1" name="rest_API_Project.GET_Request" time="4.294" errors="0" timestamp="2024-11-20T21:25:35 IST" skipped="0">
  <testcase classname="rest_API_Project.GET_Request" name="FindPets" time="4.294"/>
  <system-out/>
</testsuite> <!-- rest_API_Project.GET_Request -->
