<?xml version="1.0" encoding="UTF-8"?>
<!-- Generated by org.testng.reporters.JUnitReportReporter -->
<testsuite hostname="LAPTOP-AL3H5S4M" failures="0" tests="2" name="Practise" time="2.594" errors="0" timestamp="2024-10-19T00:55:38 IST" skipped="0">
  <testcase classname="Practise" name="loginFunctionality" time="2.593"/>
  <system-out/>
  <testcase classname="Practise" name="switchWindow" time="0.001"/>
  <system-out/>
</testsuite> <!-- Practise -->
