<?xml version="1.0" encoding="UTF-8"?>
<!-- Generated by org.testng.reporters.JUnitReportReporter -->
<testsuite hostname="LAPTOP-AL3H5S4M" failures="0" tests="1" name="rest_API_Project.POST_Request" time="3.288" errors="0" timestamp="2024-11-20T21:38:04 IST" skipped="0">
  <testcase classname="rest_API_Project.POST_Request" name="Create" time="3.288"/>
  <system-out/>
</testsuite> <!-- rest_API_Project.POST_Request -->
