<?xml version="1.0" encoding="UTF-8"?>
<!-- Generated by org.testng.reporters.JUnitReportReporter -->
<testsuite hostname="LAPTOP-AL3H5S4M" failures="0" tests="1" name="bus_Ticket_Automation_Tests.Setup" time="0.568" errors="0" timestamp="2024-11-25T14:25:48 IST" skipped="0">
  <testcase classname="bus_Ticket_Automation_Tests.Setup" name="UrlLaunch" time="0.568"/>
  <system-out/>
</testsuite> <!-- bus_Ticket_Automation_Tests.Setup -->
