<?xml version="1.0" encoding="UTF-8"?>
<!-- Generated by org.testng.reporters.JUnitReportReporter -->
<testsuite hostname="LAPTOP-AL3H5S4M" failures="0" tests="1" name="rest_API_Project.POST_RequestTest" time="2.877" errors="0" timestamp="2024-12-19T16:45:47 IST" skipped="0">
  <testcase classname="rest_API_Project.POST_RequestTest" name="Create" time="2.877"/>
</testsuite> <!-- rest_API_Project.POST_RequestTest -->
