<?xml version="1.0" encoding="UTF-8"?>
<!-- Generated by org.testng.reporters.JUnitReportReporter -->
<testsuite hostname="LAPTOP-AL3H5S4M" failures="0" tests="1" name="automationTests.Get_Specific_Booking_Id" time="1.666" errors="0" timestamp="2024-12-19T16:45:47 IST" skipped="0">
  <testcase classname="automationTests.Get_Specific_Booking_Id" name="updateBooking" time="1.666"/>
</testsuite> <!-- automationTests.Get_Specific_Booking_Id -->
