<?xml version="1.0" encoding="UTF-8"?>
<!-- Generated by org.testng.reporters.JUnitReportReporter -->
<testsuite hostname="LAPTOP-AL3H5S4M" failures="0" tests="1" name="rest_API_Project.GET_RequestTest" time="1.217" errors="0" timestamp="2024-12-19T16:45:47 IST" skipped="0">
  <testcase classname="rest_API_Project.GET_RequestTest" name="FindPets" time="1.217"/>
</testsuite> <!-- rest_API_Project.GET_RequestTest -->
